<?xml version="1.0" encoding="UTF-8"?>
<!-- Generated by org.testng.reporters.JUnitXMLReporter -->
<testsuite ignored="0" hostname="DESKTOP-44R9P0C" failures="0" tests="3" name="firefox" time="27.85" errors="0" timestamp="2024-08-07T22:11:02 IST">
  <testcase classname="testClass.RegistrationTest001" name="registration" time="4.259"/>
  <testcase classname="testClass.RegistrationTest001" name="savecreds" time="0.001"/>
  <testcase classname="testClass.LoginPageTest001" name="loginPage" time="3.065"/>
</testsuite> <!-- firefox -->
