<?xml version="1.0" encoding="UTF-8"?>
<!-- Generated by org.testng.reporters.JUnitXMLReporter -->
<testsuite ignored="1" hostname="DESKTOP-44R9P0C" failures="0" tests="2" name="Test" time="9.04" errors="0" timestamp="2024-08-19T20:49:55 IST">
  <testcase classname="testClass.LoginPageTestDP002" name="DPlogin" time="2.544"/>
  <testcase classname="testClass.LoginPageTestDP002" name="DPlogin" time="1.396"/>
  <testcase classname="testClass.RegTestDP002" name="regtest" time="0.0">
    <ignored/>
  </testcase> <!-- regtest -->
</testsuite> <!-- Test -->
