<?xml version="1.0" encoding="UTF-8"?>
<testng-results ignored="0" total="2" passed="2" failed="0" skipped="0">
  <reporter-output>
  </reporter-output>
  <suite started-at="2024-08-19T20:49:46 IST" name="Suite" finished-at="2024-08-19T20:49:55 IST" duration-ms="9040">
    <groups>
    </groups>
    <test started-at="2024-08-19T20:49:46 IST" name="Test" finished-at="2024-08-19T20:49:55 IST" duration-ms="9040">
      <class name="testClass.LoginPageTestDP002">
        <test-method is-config="true" signature="setup(java.lang.String)[pri:0, instance:testClass.LoginPageTestDP002@7ca20101]" started-at="2024-08-19T20:49:46 IST" name="setup" finished-at="2024-08-19T20:49:50 IST" duration-ms="4176" status="PASS">
          <params>
            <param index="0">
              <value>
                <![CDATA[firefox]]>
              </value>
            </param>
          </params>
          <reporter-output>
          </reporter-output>
        </test-method> <!-- setup -->
        <test-method signature="DPlogin(java.lang.String,java.lang.String)[pri:0, instance:testClass.LoginPageTestDP002@7ca20101]" started-at="2024-08-19T20:49:50 IST" name="DPlogin" data-provider="params" finished-at="2024-08-19T20:49:53 IST" duration-ms="2544" status="PASS">
          <params>
            <param index="0">
              <value>
                <![CDATA[konga@gmail.com]]>
              </value>
            </param>
            <param index="1">
              <value>
                <![CDATA[ab343csds]]>
              </value>
            </param>
          </params>
          <reporter-output>
          </reporter-output>
        </test-method> <!-- DPlogin -->
        <test-method signature="DPlogin(java.lang.String,java.lang.String)[pri:0, instance:testClass.LoginPageTestDP002@7ca20101]" started-at="2024-08-19T20:49:53 IST" name="DPlogin" data-provider="params" finished-at="2024-08-19T20:49:54 IST" duration-ms="1396" status="PASS">
          <params>
            <param index="0">
              <value>
                <![CDATA[kamali@kongmail.com]]>
              </value>
            </param>
            <param index="1">
              <value>
                <![CDATA[kamliisunfaithful23]]>
              </value>
            </param>
          </params>
          <reporter-output>
          </reporter-output>
        </test-method> <!-- DPlogin -->
        <test-method is-config="true" signature="teardown()[pri:0, instance:testClass.LoginPageTestDP002@7ca20101]" started-at="2024-08-19T20:49:54 IST" name="teardown" finished-at="2024-08-19T20:49:55 IST" duration-ms="877" status="PASS">
          <reporter-output>
          </reporter-output>
        </test-method> <!-- teardown -->
      </class> <!-- testClass.LoginPageTestDP002 -->
    </test> <!-- Test -->
  </suite> <!-- Suite -->
</testng-results>
